0 silly argv {
0 silly argv   _: [ 'create' ],
0 silly argv   lernaVersion: '3.20.2',
0 silly argv   '$0': 'lerna',
0 silly argv   name: 'functions-publisher'
0 silly argv }
1 notice cli v3.20.2
2 verbose rootPath /Users/desmondjones/code/github.com/ignw/oregon-employment-puc-poc
3 info versioning independent
4 error Error: canceled
4 error     at Interface.<anonymous> (/Users/desmondjones/code/github.com/ignw/oregon-employment-puc-poc/node_modules/read/lib/read.js:66:13)
4 error     at Interface.emit (events.js:223:5)
4 error     at Interface._ttyWrite (readline.js:885:16)
4 error     at ReadStream.onkeypress (readline.js:191:10)
4 error     at ReadStream.emit (events.js:223:5)
4 error     at emitKeys (internal/readline/utils.js:433:14)
4 error     at emitKeys.next (<anonymous>)
4 error     at ReadStream.onData (readline.js:1151:36)
4 error     at ReadStream.emit (events.js:223:5)
4 error     at addChunk (_stream_readable.js:309:12)
4 error     at readableAddChunk (_stream_readable.js:290:11)
4 error     at ReadStream.Readable.push (_stream_readable.js:224:10)
